     1                                 %line 1+1 ass5.asm
     2                                 
     3                                 
     4                                 
     5                                 
     6                                 
     7                                 
     8                                 
     9                                 
    10                                 
    11                                 
    12                                 
    13                                 
    14                                 
    15                                 
    16                                 
    17                                 
    18                                 
    19                                 
    20                                 
    21                                 [section .data]
    22                                 
    23                                 
    24                                 
    25                                 
    26                                 NULL equ 0
    27                                 
    28                                 TRUE equ 1
    29                                 FALSE equ 0
    30                                 
    31                                 SUCCESS equ 0
    32                                 SYS_EXIT equ 60
    33                                 
    34                                 
    35                                 
    36                                 
    37 00000000 0A000E000D00250036-    sides dw 10, 14, 13, 37, 54
    38 00000000 00                 
    39 0000000A 0E001D004000430022-     dw 14, 29, 64, 67, 34
    40 0000000A 00                 
    41 00000014 1F000D0014003D0024-     dw 31, 13, 20, 61, 36
    42 00000014 00                 
    43 0000001E 0E0035002C0013002A-     dw 14, 53, 44, 19, 42
    44 0000001E 00                 
    45 00000028 2C0034001F002A0038-     dw 44, 52, 31, 42, 56
    46 00000028 00                 
    47 00000032 0F00180024004B002E-     dw 15, 24, 36, 75, 46
    48 00000032 00                 
    49 0000003C 1B00290035003E000A-     dw 27, 41, 53, 62, 10
    50 0000003C 00                 
    51 00000046 2100040049001F000F-     dw 33, 4, 73, 31, 15
    52 00000046 00                 
    53 00000050 05000B001600210046-     dw 5, 11, 22, 33, 70
    54 00000050 00                 
    55 0000005A 0F0017000F003F001A-     dw 15, 23, 15, 63, 26
    56 0000005A 00                 
    57 00000064 10000D004000350041-     dw 16, 13, 64, 53, 65
    58 00000064 00                 
    59 0000006E 1A000C003900430022-     dw 26, 12, 57, 67, 34
    60 0000006E 00                 
    61 00000078 180021000A003D000F-     dw 24, 33, 10, 61, 15
    62 00000078 00                 
    63 00000082 260049001D0011005D-     dw 38, 73, 29, 17, 93
    64 00000082 00                 
    65 0000008C 400049004A00170038-     dw 64, 73, 74, 23, 56
    66 0000008C 00                 
    67 00000096 0900080004000A000F-     dw 9, 8, 4, 10, 15
    68 00000096 00                 
    69 000000A0 0D0017003500430023-     dw 13, 23, 53, 67, 35
    70 000000A0 00                 
    71 000000AA 0E0022000D00470051-     dw 14, 34, 13, 71, 81
    72 000000AA 00                 
    73 000000B4 11000E001100190035-     dw 17, 14, 17, 25, 53
    74 000000B4 00                 
    75 000000BE 170049000F0006000D-     dw 23, 73, 15, 6, 13
    76 000000BE 00                 
    77                                 
    78 000000C8 64000000               length dd 100
    79                                 
    80 000000CC 0000                   caMin dw 0
    81 000000CE 0000                   caMid dw 0
    82 000000D0 0000                   caMax dw 0
    83 000000D2 00000000               caSum dd 0
    84 000000D6 0000                   caAve dw 0
    85                                 
    86 000000D8 00000000               cvMin dd 0
    87 000000DC 00000000               cvMid dd 0
    88 000000E0 00000000               cvMax dd 0
    89 000000E4 00000000               cvSum dd 0
    90 000000E8 00000000               cvAve dd 0
    91                                 
    92                                 
    93                                 
    94                                 
    95 000000EC 0600                   dwSix dw 6
    96 000000EE 00000000               ddtest dd 0
    97                                 
    98                                 
    99                                 
   100                                 
   101                                 [section .bss]
   102                                 
   103 00000000 <gap>                  cubeAreas resw 100
   104 000000C8 <gap>                  cubeVolumes resd 100
   105                                 
   106                                 
   107                                 [section .text]
   108                                 
   109                                 [global _start]
   110                                 _start:
   111                                 
   112                                 
   113                                 
   114 00000000 8B0C25[00000000]        mov ecx, dword [length]
   115 00000007 48C7C600000000          mov rsi, 0
   116                                 
   117                                 
   118                                  calculationLoop:
   119 0000000E 66448B8436[00000000]      mov r8w, word [sides+(rsi*2)]
   120 00000017 440FB78C36[00000000]      movzx r9d, word [sides+(rsi*2)]
   121                                 
   122                                 
   123 00000020 664489C0                mov ax, r8w
   124 00000024 6641F7E0                mul r8w
   125 00000028 66F72425[00000000]      mul word[dwSix]
   126 00000030 66898436[00000000]      mov word[cubeAreas+(rsi*2)], ax
   127                                 
   128 00000038 B800000000              mov eax,0
   129                                 
   130                                 
   131 0000003D 4489C8                  mov eax, r9d
   132 00000040 41F7E1                  mul r9d
   133 00000043 41F7E1                  mul r9d
   134 00000046 8904B5[00000000]        mov dword[cubeVolumes+(rsi*4)],eax
   135                                 
   136 0000004D 48FFC6                  inc rsi
   137 00000050 FFC9                    dec ecx
   138 00000052 83F900                  cmp ecx,0
   139 00000055 75B5                    jne calculationLoop
   140                                 
   141                                 
   142                                 
   143                                 
   144                                 
   145                                 
   146                                 
   147 00000057 8B0C25[00000000]        mov ecx, dword [length]
   148 0000005E 48C7C600000000          mov rsi, 0
   149                                 
   150 00000065 66448B0425[00000000]      mov r8w, word[cubeAreas]
   151 0000006E 6644890425[00000000]      mov word [caMin],r8w
   152 00000077 6644890425[00000000]      mov word [caMax],r8w
   153                                 
   154 00000080 448B0C25[00000000]      mov r9d, dword [cubeVolumes]
   155 00000088 44890C25[00000000]      mov dword [cvMin], r9d
   156 00000090 44890C25[00000000]      mov dword [cvMax], r9d
   157 00000098 44890C25[00000000]      mov dword [ddtest], r9d
   158                                 
   159                                 
   160                                  statsLoop:
   161                                 
   162                                 
   163                                 
   164 000000A0 66448B8436[00000000]      mov r8w, word [cubeAreas+(rsi*2)]
   165 000000A9 450FB7C0                movzx r8d, r8w
   166 000000AD 44010425[00000000]      add dword[caSum], r8d
   167                                 
   168 000000B5 6644390425[00000000]      cmp word [caMin], r8w
   169 000000BE 7607                    jbe CA_notNewMin
   170 000000C0 6644890425[00000000]      mov word [caMin], r8w
   171                                  CA_notNewMin:
   172                                 
   173 000000C9 6644390425[00000000]      cmp word [caMax], r8w
   174 000000D2 7307                    jae CA_notNewMax
   175 000000D4 6644890425[00000000]      mov word [caMax], r8w
   176                                  CA_notNewMax:
   177                                 
   178                                 
   179                                 
   180                                 
   181 000000DD 448B0CB5[00000000]      mov r9d, dword [cubeVolumes+(rsi*4)]
   182 000000E5 44010C25[00000000]      add dword [cvSum], r9d
   183                                 
   184 000000ED 44390C25[00000000]      cmp dword [cvMin], r9d
   185 000000F5 7606                    jbe CV_notNewMin
   186 000000F7 44890C25[00000000]      mov dword [cvMin], r9d
   187                                  CV_notNewMin:
   188                                 
   189                                 
   190 000000FF 44390C25[00000000]      cmp dword [cvMax], r9d
   191 00000107 7306                    jae CV_notNewMax
   192 00000109 44890C25[00000000]      mov dword [cvMax], r9d
   193                                  CV_notNewMax:
   194                                 
   195 00000111 4883FE31                cmp rsi,49
   196 00000115 7537                    jne notMidValues
   197                                 
   198                                 
   199                                 
   200                                 
   201                                 
   202 00000117 6644010425[00000000]      add word [caMid],r8w
   203 00000120 44010C25[00000000]      add dword [cvMid],r9d
   204 00000128 48FFC6                  inc rsi
   205 0000012B 66448B8436[00000000]      mov r8w, word [cubeAreas+(rsi*2)]
   206 00000134 448B0CB5[00000000]      mov r9d, dword [cubeVolumes+(rsi*4)]
   207 0000013C 6644010425[00000000]      add word [caMid],r8w
   208 00000145 44010C25[00000000]      add dword [cvMid],r9d
   209 0000014D 48FFCE                  dec rsi
   210                                 
   211                                  notMidValues:
   212                                 
   213 00000150 48FFC6                  inc rsi
   214                                 
   215 00000153 FFC9                    dec ecx
   216 00000155 83F900                  cmp ecx,0
   217 00000158 0F853CFFFFFF            jne statsLoop
   218                                 
   219                                 
   220                                 
   221                                 
   222                                 
   223                                 
   224 0000015E 48C7C000000000          mov rax, 0
   225 00000165 48C7C200000000          mov rdx, 0
   226                                 
   227                                 
   228                                 
   229 0000016C 8B0425[00000000]        mov eax, dword[caSum]
   230 00000173 BA00000000              mov edx,0
   231 00000178 F73C25[00000000]        idiv dword [length]
   232 0000017F 66890425[00000000]      mov word [caAve], ax
   233                                 
   234                                 
   235                                 
   236 00000187 8B0425[00000000]        mov eax, dword[cvSum]
   237 0000018E BA00000000              mov edx,0
   238 00000193 F73425[00000000]        div dword [length]
   239 0000019A 890425[00000000]        mov dword [cvAve], eax
   240                                 
   241                                 
   242 000001A1 66D12C25[00000000]      shr word [caMid], 1
   243 000001A9 D12C25[00000000]        shr dword [cvMid], 1
   244                                 
   245                                 
   246                                 
   247                                 
   248                                 
   249                                 last:
   250 000001B0 B83C000000              mov eax, SYS_EXIT
   251 000001B5 BB00000000              mov ebx, SUCCESS
   252 000001BA 0F05                    syscall
   253                                 
   254                                 
