     1                                 %line 1+1 ass4.asm
     2                                 
     3                                 
     4                                 
     5                                 
     6                                 
     7                                 
     8                                 
     9                                 
    10                                 
    11                                 
    12                                 
    13                                 
    14                                 
    15                                 
    16                                 
    17                                 
    18                                 
    19                                 
    20                                 
    21                                 [section .data]
    22                                 
    23                                 
    24                                 
    25                                 SUCCESS equ 0
    26                                 SYS_EXIT equ 60
    27                                 
    28                                 
    29                                 
    30                                 
    31                                 
    32                                 
    33                                 
    34 00000000 DE0400005C04000006-    lst dd 1246, 1116, 1542, 1240, 1677
    35 00000000 060000D80400008D06-
    36 00000000 0000               
    37 00000014 630600007A0900001C-     dd 1635, 2426, 1820, 1246, -2333
    38 00000014 070000DE040000E3F6-
    39 00000014 FFFF               
    40 00000028 0D090000A5FBFFFFA6-     dd 2317, -1115, 2726, 2140, 2565
    41 00000028 0A00005C080000050A-
    42 00000028 0000               
    43 0000003C 370B00004E06000072-     dd 2871, 1614, 2418, 2513, 1422
    44 0000003C 090000D10900008E05-
    45 0000003C 0000               
    46 00000050 B9F7FFFFBF0400000B-     dd -2119, 1215, -1525, -1712, 1441
    47 00000050 FAFFFF50F9FFFFA105-
    48 00000050 0000               
    49 00000064 DAF1FFFF25FDFFFF3F-     dd -3622, -731, -1729, 1615, 1724
    50 00000064 F9FFFF4F060000BC06-
    51 00000064 0000               
    52 00000078 C104000038FBFFFF2C-     dd 1217, -1224, 1580, 1147, 2324
    53 00000078 0600007B0400001409-
    54 00000078 0000               
    55 0000008C 9105000018070000EE-     dd 1425, 1816, 1262, -2718, 2192
    56 0000008C 04000062F5FFFF9008-
    57 0000008C 0000               
    58 000000A0 68FAFFFFD3040000CC-     dd -1432, 1235, 2764, -1615, 1310
    59 000000A0 0A0000B1F9FFFF1E05-
    60 000000A0 0000               
    61 000000B4 E5060000A207000039-     dd 1765, 1954, -967, 1515, 3556
    62 000000B4 FCFFFFEB050000E40D-
    63 000000B4 0000               
    64 000000C8 3E050000991C000014-     dd 1342, 7321, 1556, 2727, 1227
    65 000000C8 060000A70A0000CB04-
    66 000000C8 0000               
    67 000000DC 79F8FFFF66050000B9-     dd -1927, 1382, 1465, 3955, 1435
    68 000000DC 050000730F00009B05-
    69 000000DC 0000               
    70 000000F0 37FBFFFF8DF6FFFF1A-     dd -1225, -2419, -2534, -1345, 2467
    71 000000F0 F6FFFFBFFAFFFFA309-
    72 000000F0 0000               
    73 00000104 23050000A907000037-     dd 1315, 1961, 1335, 2856, 2553
    74 00000104 050000280B0000F909-
    75 00000104 0000               
    76 00000118 F8FBFFFF2B070000B8-     dd -1032, 1835, 1464, 1915, -1810
    77 00000118 0500007B070000EEF8-
    78 00000118 FFFF               
    79 0000012C B9050000120600000D-     dd 1465, 1554, -1267, 1615, 1656
    80 0000012C FBFFFF4F0600007806-
    81 0000012C 0000               
    82 00000140 90080000DFF8FFFF85-     dd 2192, -1825, 1925, 2312, 1725
    83 00000140 07000008090000BD06-
    84 00000140 0000               
    85 00000154 2BF6FFFFDA05000073-     dd -2517, 1498, -1677, 1475, 2034
    86 00000154 F9FFFFC3050000F207-
    87 00000154 0000               
    88 00000168 C70400005B0700006B-     dd 1223, 1883, -1173, 1350, 1415
    89 00000168 FBFFFF460500008705-
    90 00000168 0000               
    91 0000017C 4F010000650400005E-     dd 335, 1125, 1118, 1713, 3025
    92 0000017C 040000B1060000D10B-
    93 0000017C 0000               
    94                                 
    95 00000190 64000000               len dd 100
    96                                 
    97 00000194 00000000               lstMin dd 0
    98 00000198 00000000               lstMid dd 0
    99 0000019C 00000000               lstMax dd 0
   100 000001A0 00000000               lstSum dd 0
   101 000001A4 00000000               lstAve dd 0
   102                                 
   103 000001A8 00000000               posCnt dd 0
   104 000001AC 00000000               posSum dd 0
   105 000001B0 00000000               posAve dd 0
   106                                 
   107 000001B4 00000000               sevenCnt dd 0
   108 000001B8 00000000               sevenSum dd 0
   109 000001BC 00000000               sevenAve dd 0
   110                                 
   111                                 
   112                                 
   113                                 
   114                                 [section .text]
   115                                 
   116                                 [global _start]
   117                                 _start:
   118                                 
   119                                 
   120                                 
   121                                 
   122 00000000 8B0C25[00000000]        mov ecx, dword[len]
   123 00000007 48C7C600000000          mov rsi, 0
   124                                 
   125                                 
   126 0000000E 448B0425[00000000]      mov r8d, dword [lst]
   127 00000016 44890425[00000000]      mov dword[lstMin],r8d
   128 0000001E 44890425[00000000]      mov dword[lstMax],r8d
   129                                 
   130                                 
   131                                 generalLoop:
   132 00000026 8B04B5[00000000]        mov eax, dword [lst+(rsi*4)]
   133                                 
   134 0000002D 010425[00000000]        add dword [lstSum], eax
   135                                 
   136                                 
   137                                 
   138 00000034 390425[00000000]        cmp dword[lstMin],eax
   139 0000003B 0F8F9B000000            jg getMin
   140                                  endOfMin:
   141                                 
   142                                 
   143 00000041 390425[00000000]        cmp dword[lstMax],eax
   144 00000048 0F8C9A000000            jl getMax
   145                                  endOfMax:
   146                                 
   147                                 
   148 0000004E 4883FE31                cmp rsi, 49
   149 00000052 0F849C000000            je middleValue
   150 00000058 4883FE32                cmp rsi,50
   151 0000005C 0F8492000000            je middleValue
   152                                  endOfMiddle:
   153                                 
   154                                 
   155 00000062 83F800                  cmp eax,0
   156 00000065 0F8F95000000            jg positive
   157                                  endOfPostive:
   158                                 
   159                                 
   160 0000006B 4189C7                  mov r15d, eax
   161 0000006E 41BA07000000            mov r10d,7
   162 00000074 99                      cdq
   163 00000075 41F7FA                  idiv r10d
   164 00000078 83FA00                  cmp edx,0
   165 0000007B 0F8492000000            je DivBy6
   166                                  endOfdivBy6:
   167                                 
   168 00000081 48FFC6                  inc rsi
   169 00000084 FFC9                    dec ecx
   170 00000086 83F900                  cmp ecx,0
   171 00000089 7599                    jne generalLoop
   172                                 
   173                                 
   174                                 
   175                                 
   176                                 
   177                                 
   178                                 
   179 0000008B 448B3C25[00000000]      mov r15d, dword [len]
   180 00000093 8B0425[00000000]        mov eax, dword [lstSum]
   181 0000009A 99                      cdq
   182 0000009B 41F7FF                  idiv r15d
   183 0000009E 890425[00000000]        mov dword[lstAve], eax
   184                                 
   185                                 
   186 000000A5 448B3C25[00000000]      mov r15d, dword [posCnt]
   187 000000AD 8B0425[00000000]        mov eax, dword [posSum]
   188 000000B4 99                      cdq
   189 000000B5 41F7FF                  idiv r15d
   190 000000B8 890425[00000000]        mov dword [posAve], eax
   191                                 
   192                                 
   193 000000BF 448B3C25[00000000]      mov r15d, dword [sevenCnt]
   194 000000C7 8B0425[00000000]        mov eax, dword [sevenSum]
   195 000000CE 99                      cdq
   196 000000CF 41F7FF                  idiv r15d
   197 000000D2 890425[00000000]        mov dword [sevenAve], eax
   198                                 
   199                                 
   200 000000D9 D12C25[00000000]        shr dword [lstMid], 1
   201                                 
   202 000000E0 EB49                    jmp last
   203                                 
   204                                 
   205                                 
   206                                 getMin:
   207 000000E2 890425[00000000]        mov dword [lstMin], eax
   208 000000E9 E94EFFFFFF              jmp endOfMin
   209                                 
   210                                 getMax:
   211 000000EE 890425[00000000]        mov dword [lstMax], eax
   212 000000F5 E94FFFFFFF              jmp endOfMax
   213                                 
   214                                 middleValue:
   215 000000FA 010425[00000000]        add dword[lstMid], eax
   216 00000101 E957FFFFFF              jmp endOfMiddle
   217                                 
   218                                 positive:
   219 00000106 FF0425[00000000]        inc dword [posCnt]
   220 0000010D 010425[00000000]        add dword [posSum], eax
   221 00000114 E94DFFFFFF              jmp endOfPostive
   222                                 
   223                                 DivBy6:
   224 00000119 FF0425[00000000]        inc dword [sevenCnt]
   225 00000120 44013C25[00000000]      add dword [sevenSum], r15d
   226 00000128 E94FFFFFFF              jmp endOfdivBy6
   227                                 
   228                                 
   229                                 
   230                                 
   231                                 last:
   232 0000012D B83C000000              mov eax, SYS_EXIT
   233 00000132 BB00000000              mov ebx, SUCCESS
   234 00000137 0F05                    syscall
   235                                 
   236                                 
   237                                 
